This file contains any messages produced by compilers while
running configure, to aid debugging if configure makes a mistake.

It was created by usbip-utils configure 1.1.1, which was
generated by GNU Autoconf 2.69.  Invocation command line was

  $ ./configure 

## --------- ##
## Platform. ##
## --------- ##

hostname = roshan-lab
uname -m = i686
uname -r = 3.5.0-21-generic
uname -s = Linux
uname -v = #32-Ubuntu SMP Tue Dec 11 18:52:46 UTC 2012

/usr/bin/uname -p = unknown
/bin/uname -X     = unknown

/bin/arch              = unknown
/usr/bin/arch -k       = unknown
/usr/convex/getsysinfo = unknown
/usr/bin/hostinfo      = unknown
/bin/machine           = unknown
/usr/bin/oslevel       = unknown
/bin/universe          = unknown

PATH: /usr/local/sbin
PATH: /usr/local/bin
PATH: /usr/sbin
PATH: /usr/bin
PATH: /sbin
PATH: /bin
PATH: /usr/games
PATH: /usr/local/games


## ----------- ##
## Core tests. ##
## ----------- ##

configure:2472: checking for a BSD-compatible install
configure:2540: result: /usr/bin/install -c
configure:2551: checking whether build environment is sane
configure:2601: result: yes
configure:2742: checking for a thread-safe mkdir -p
configure:2781: result: /bin/mkdir -p
configure:2794: checking for gawk
configure:2810: found /usr/bin/gawk
configure:2821: result: gawk
configure:2832: checking whether make sets $(MAKE)
configure:2854: result: yes
configure:2963: checking build system type
configure:2977: result: i686-pc-linux-gnu
configure:2997: checking host system type
configure:3010: result: i686-pc-linux-gnu
configure:3051: checking how to print strings
configure:3078: result: printf
configure:3111: checking for style of include used by make
configure:3139: result: GNU
configure:3210: checking for gcc
configure:3226: found /usr/bin/gcc
configure:3237: result: gcc
configure:3466: checking for C compiler version
configure:3475: gcc --version >&5
gcc (Ubuntu/Linaro 4.7.2-2ubuntu1) 4.7.2
Copyright (C) 2012 Free Software Foundation, Inc.
This is free software; see the source for copying conditions.  There is NO
warranty; not even for MERCHANTABILITY or FITNESS FOR A PARTICULAR PURPOSE.

configure:3486: $? = 0
configure:3475: gcc -v >&5
Using built-in specs.
COLLECT_GCC=gcc
COLLECT_LTO_WRAPPER=/usr/lib/gcc/i686-linux-gnu/4.7/lto-wrapper
Target: i686-linux-gnu
Configured with: ../src/configure -v --with-pkgversion='Ubuntu/Linaro 4.7.2-2ubuntu1' --with-bugurl=file:///usr/share/doc/gcc-4.7/README.Bugs --enable-languages=c,c++,go,fortran,objc,obj-c++ --prefix=/usr --program-suffix=-4.7 --enable-shared --enable-linker-build-id --with-system-zlib --libexecdir=/usr/lib --without-included-gettext --enable-threads=posix --with-gxx-include-dir=/usr/include/c++/4.7 --libdir=/usr/lib --enable-nls --with-sysroot=/ --enable-clocale=gnu --enable-libstdcxx-debug --enable-libstdcxx-time=yes --enable-gnu-unique-object --enable-plugin --enable-objc-gc --enable-targets=all --disable-werror --with-arch-32=i686 --with-tune=generic --enable-checking=release --build=i686-linux-gnu --host=i686-linux-gnu --target=i686-linux-gnu
Thread model: posix
gcc version 4.7.2 (Ubuntu/Linaro 4.7.2-2ubuntu1) 
configure:3486: $? = 0
configure:3475: gcc -V >&5
gcc: error: unrecognized command line option '-V'
gcc: fatal error: no input files
compilation terminated.
configure:3486: $? = 4
configure:3475: gcc -qversion >&5
gcc: error: unrecognized command line option '-qversion'
gcc: fatal error: no input files
compilation terminated.
configure:3486: $? = 4
configure:3506: checking whether the C compiler works
configure:3528: gcc    conftest.c  >&5
configure:3532: $? = 0
configure:3580: result: yes
configure:3583: checking for C compiler default output file name
configure:3585: result: a.out
configure:3591: checking for suffix of executables
configure:3598: gcc -o conftest    conftest.c  >&5
configure:3602: $? = 0
configure:3624: result: 
configure:3646: checking whether we are cross compiling
configure:3654: gcc -o conftest    conftest.c  >&5
configure:3658: $? = 0
configure:3665: ./conftest
configure:3669: $? = 0
configure:3684: result: no
configure:3689: checking for suffix of object files
configure:3711: gcc -c   conftest.c >&5
configure:3715: $? = 0
configure:3736: result: o
configure:3740: checking whether we are using the GNU C compiler
configure:3759: gcc -c   conftest.c >&5
configure:3759: $? = 0
configure:3768: result: yes
configure:3777: checking whether gcc accepts -g
configure:3797: gcc -c -g  conftest.c >&5
configure:3797: $? = 0
configure:3838: result: yes
configure:3855: checking for gcc option to accept ISO C89
configure:3918: gcc  -c -g -O2  conftest.c >&5
configure:3918: $? = 0
configure:3931: result: none needed
configure:3953: checking dependency style of gcc
configure:4064: result: gcc3
configure:4079: checking for a sed that does not truncate output
configure:4143: result: /bin/sed
configure:4161: checking for grep that handles long lines and -e
configure:4219: result: /bin/grep
configure:4224: checking for egrep
configure:4286: result: /bin/grep -E
configure:4291: checking for fgrep
configure:4353: result: /bin/grep -F
configure:4388: checking for ld used by gcc
configure:4455: result: /usr/bin/ld
configure:4462: checking if the linker (/usr/bin/ld) is GNU ld
configure:4477: result: yes
configure:4489: checking for BSD- or MS-compatible name lister (nm)
configure:4538: result: /usr/bin/nm -B
configure:4668: checking the name lister (/usr/bin/nm -B) interface
configure:4675: gcc -c -g -O2  conftest.c >&5
configure:4678: /usr/bin/nm -B "conftest.o"
configure:4681: output
00000000 B some_variable
configure:4688: result: BSD nm
configure:4691: checking whether ln -s works
configure:4695: result: yes
configure:4703: checking the maximum length of command line arguments
configure:4833: result: 1572864
configure:4850: checking whether the shell understands some XSI constructs
configure:4860: result: yes
configure:4864: checking whether the shell understands "+="
configure:4870: result: yes
configure:4905: checking how to convert i686-pc-linux-gnu file names to i686-pc-linux-gnu format
configure:4945: result: func_convert_file_noop
configure:4952: checking how to convert i686-pc-linux-gnu file names to toolchain format
configure:4972: result: func_convert_file_noop
configure:4979: checking for /usr/bin/ld option to reload object files
configure:4986: result: -r
configure:5060: checking for objdump
configure:5076: found /usr/bin/objdump
configure:5087: result: objdump
configure:5119: checking how to recognize dependent libraries
configure:5321: result: pass_all
configure:5406: checking for dlltool
configure:5436: result: no
configure:5466: checking how to associate runtime and link libraries
configure:5493: result: printf %s\n
configure:5554: checking for ar
configure:5570: found /usr/bin/ar
configure:5581: result: ar
configure:5618: checking for archiver @FILE support
configure:5635: gcc -c -g -O2  conftest.c >&5
configure:5635: $? = 0
configure:5638: ar cru libconftest.a @conftest.lst >&5
configure:5641: $? = 0
configure:5646: ar cru libconftest.a @conftest.lst >&5
ar: conftest.o: No such file or directory
configure:5649: $? = 1
configure:5661: result: @
configure:5719: checking for strip
configure:5735: found /usr/bin/strip
configure:5746: result: strip
configure:5818: checking for ranlib
configure:5834: found /usr/bin/ranlib
configure:5845: result: ranlib
configure:5947: checking command to parse /usr/bin/nm -B output from gcc object
configure:6067: gcc -c -g -O2  conftest.c >&5
configure:6070: $? = 0
configure:6074: /usr/bin/nm -B conftest.o \| sed -n -e 's/^.*[ ]\([ABCDGIRSTW][ABCDGIRSTW]*\)[ ][ ]*\([_A-Za-z][_A-Za-z0-9]*\)$/\1 \2 \2/p' | sed '/ __gnu_lto/d' \> conftest.nm
configure:6077: $? = 0
configure:6143: gcc -o conftest -g -O2   conftest.c conftstm.o >&5
configure:6146: $? = 0
configure:6184: result: ok
configure:6221: checking for sysroot
configure:6251: result: no
configure:6507: checking for mt
configure:6523: found /bin/mt
configure:6534: result: mt
configure:6557: checking if mt is a manifest tool
configure:6563: mt '-?'
configure:6571: result: no
configure:7213: checking how to run the C preprocessor
configure:7244: gcc -E  conftest.c
configure:7244: $? = 0
configure:7258: gcc -E  conftest.c
conftest.c:12:28: fatal error: ac_nonexistent.h: No such file or directory
compilation terminated.
configure:7258: $? = 1
configure: failed program was:
| /* confdefs.h */
| #define PACKAGE_NAME "usbip-utils"
| #define PACKAGE_TARNAME "usbip-utils"
| #define PACKAGE_VERSION "1.1.1"
| #define PACKAGE_STRING "usbip-utils 1.1.1"
| #define PACKAGE_BUGREPORT "linux-usb@vger.kernel.org"
| #define PACKAGE_URL ""
| #define USBIP_VERSION 0x00000111
| #define PACKAGE "usbip-utils"
| #define VERSION "1.1.1"
| /* end confdefs.h.  */
| #include <ac_nonexistent.h>
configure:7283: result: gcc -E
configure:7303: gcc -E  conftest.c
configure:7303: $? = 0
configure:7317: gcc -E  conftest.c
conftest.c:12:28: fatal error: ac_nonexistent.h: No such file or directory
compilation terminated.
configure:7317: $? = 1
configure: failed program was:
| /* confdefs.h */
| #define PACKAGE_NAME "usbip-utils"
| #define PACKAGE_TARNAME "usbip-utils"
| #define PACKAGE_VERSION "1.1.1"
| #define PACKAGE_STRING "usbip-utils 1.1.1"
| #define PACKAGE_BUGREPORT "linux-usb@vger.kernel.org"
| #define PACKAGE_URL ""
| #define USBIP_VERSION 0x00000111
| #define PACKAGE "usbip-utils"
| #define VERSION "1.1.1"
| /* end confdefs.h.  */
| #include <ac_nonexistent.h>
configure:7346: checking for ANSI C header files
configure:7366: gcc -c -g -O2  conftest.c >&5
configure:7366: $? = 0
configure:7439: gcc -o conftest -g -O2   conftest.c  >&5
configure:7439: $? = 0
configure:7439: ./conftest
configure:7439: $? = 0
configure:7450: result: yes
configure:7463: checking for sys/types.h
configure:7463: gcc -c -g -O2  conftest.c >&5
configure:7463: $? = 0
configure:7463: result: yes
configure:7463: checking for sys/stat.h
configure:7463: gcc -c -g -O2  conftest.c >&5
configure:7463: $? = 0
configure:7463: result: yes
configure:7463: checking for stdlib.h
configure:7463: gcc -c -g -O2  conftest.c >&5
configure:7463: $? = 0
configure:7463: result: yes
configure:7463: checking for string.h
configure:7463: gcc -c -g -O2  conftest.c >&5
configure:7463: $? = 0
configure:7463: result: yes
configure:7463: checking for memory.h
configure:7463: gcc -c -g -O2  conftest.c >&5
configure:7463: $? = 0
configure:7463: result: yes
configure:7463: checking for strings.h
configure:7463: gcc -c -g -O2  conftest.c >&5
configure:7463: $? = 0
configure:7463: result: yes
configure:7463: checking for inttypes.h
configure:7463: gcc -c -g -O2  conftest.c >&5
configure:7463: $? = 0
configure:7463: result: yes
configure:7463: checking for stdint.h
configure:7463: gcc -c -g -O2  conftest.c >&5
configure:7463: $? = 0
configure:7463: result: yes
configure:7463: checking for unistd.h
configure:7463: gcc -c -g -O2  conftest.c >&5
configure:7463: $? = 0
configure:7463: result: yes
configure:7477: checking for dlfcn.h
configure:7477: gcc -c -g -O2  conftest.c >&5
configure:7477: $? = 0
configure:7477: result: yes
configure:7683: checking for objdir
configure:7698: result: .libs
configure:7965: checking if gcc supports -fno-rtti -fno-exceptions
configure:7983: gcc -c -g -O2  -fno-rtti -fno-exceptions conftest.c >&5
cc1: warning: command line option '-fno-rtti' is valid for C++/ObjC++ but not for C [enabled by default]
configure:7987: $? = 0
configure:8000: result: no
configure:8327: checking for gcc option to produce PIC
configure:8334: result: -fPIC -DPIC
configure:8342: checking if gcc PIC flag -fPIC -DPIC works
configure:8360: gcc -c -g -O2  -fPIC -DPIC -DPIC conftest.c >&5
configure:8364: $? = 0
configure:8377: result: yes
configure:8406: checking if gcc static flag -static works
configure:8434: result: yes
configure:8449: checking if gcc supports -c -o file.o
configure:8470: gcc -c -g -O2  -o out/conftest2.o conftest.c >&5
configure:8474: $? = 0
configure:8496: result: yes
configure:8504: checking if gcc supports -c -o file.o
configure:8551: result: yes
configure:8584: checking whether the gcc linker (/usr/bin/ld) supports shared libraries
configure:9741: result: yes
configure:9778: checking whether -lc should be explicitly linked in
configure:9786: gcc -c -g -O2  conftest.c >&5
configure:9789: $? = 0
configure:9804: gcc -shared  -fPIC -DPIC conftest.o  -v -Wl,-soname -Wl,conftest -o conftest 2\>\&1 \| /bin/grep  -lc  \>/dev/null 2\>\&1
configure:9807: $? = 0
configure:9821: result: no
configure:9981: checking dynamic linker characteristics
configure:10492: gcc -o conftest -g -O2   -Wl,-rpath -Wl,/foo conftest.c  >&5
configure:10492: $? = 0
configure:10726: result: GNU/Linux ld.so
configure:10833: checking how to hardcode library paths into programs
configure:10858: result: immediate
configure:11398: checking whether stripping libraries is possible
configure:11403: result: yes
configure:11438: checking if libtool supports shared libraries
configure:11440: result: yes
configure:11443: checking whether to build shared libraries
configure:11464: result: yes
configure:11467: checking whether to build static libraries
configure:11471: result: yes
configure:11521: checking whether make supports nested variables
configure:11538: result: yes
configure:11602: checking for gcc
configure:11629: result: gcc
configure:11858: checking for C compiler version
configure:11867: gcc --version >&5
gcc (Ubuntu/Linaro 4.7.2-2ubuntu1) 4.7.2
Copyright (C) 2012 Free Software Foundation, Inc.
This is free software; see the source for copying conditions.  There is NO
warranty; not even for MERCHANTABILITY or FITNESS FOR A PARTICULAR PURPOSE.

configure:11878: $? = 0
configure:11867: gcc -v >&5
Using built-in specs.
COLLECT_GCC=gcc
COLLECT_LTO_WRAPPER=/usr/lib/gcc/i686-linux-gnu/4.7/lto-wrapper
Target: i686-linux-gnu
Configured with: ../src/configure -v --with-pkgversion='Ubuntu/Linaro 4.7.2-2ubuntu1' --with-bugurl=file:///usr/share/doc/gcc-4.7/README.Bugs --enable-languages=c,c++,go,fortran,objc,obj-c++ --prefix=/usr --program-suffix=-4.7 --enable-shared --enable-linker-build-id --with-system-zlib --libexecdir=/usr/lib --without-included-gettext --enable-threads=posix --with-gxx-include-dir=/usr/include/c++/4.7 --libdir=/usr/lib --enable-nls --with-sysroot=/ --enable-clocale=gnu --enable-libstdcxx-debug --enable-libstdcxx-time=yes --enable-gnu-unique-object --enable-plugin --enable-objc-gc --enable-targets=all --disable-werror --with-arch-32=i686 --with-tune=generic --enable-checking=release --build=i686-linux-gnu --host=i686-linux-gnu --target=i686-linux-gnu
Thread model: posix
gcc version 4.7.2 (Ubuntu/Linaro 4.7.2-2ubuntu1) 
configure:11878: $? = 0
configure:11867: gcc -V >&5
gcc: error: unrecognized command line option '-V'
gcc: fatal error: no input files
compilation terminated.
configure:11878: $? = 4
configure:11867: gcc -qversion >&5
gcc: error: unrecognized command line option '-qversion'
gcc: fatal error: no input files
compilation terminated.
configure:11878: $? = 4
configure:11882: checking whether we are using the GNU C compiler
configure:11910: result: yes
configure:11919: checking whether gcc accepts -g
configure:11980: result: yes
configure:11997: checking for gcc option to accept ISO C89
configure:12073: result: none needed
configure:12095: checking dependency style of gcc
configure:12206: result: gcc3
configure:12222: checking whether make sets $(MAKE)
configure:12244: result: yes
configure:12258: checking for dirent.h that defines DIR
configure:12277: gcc -c -g -O2  conftest.c >&5
configure:12277: $? = 0
configure:12285: result: yes
configure:12298: checking for library containing opendir
configure:12329: gcc -o conftest -g -O2   conftest.c  >&5
configure:12329: $? = 0
configure:12346: result: none required
configure:12413: checking for ANSI C header files
configure:12517: result: yes
configure:12528: checking arpa/inet.h usability
configure:12528: gcc -c -g -O2  conftest.c >&5
configure:12528: $? = 0
configure:12528: result: yes
configure:12528: checking arpa/inet.h presence
configure:12528: gcc -E  conftest.c
configure:12528: $? = 0
configure:12528: result: yes
configure:12528: checking for arpa/inet.h
configure:12528: result: yes
configure:12528: checking fcntl.h usability
configure:12528: gcc -c -g -O2  conftest.c >&5
configure:12528: $? = 0
configure:12528: result: yes
configure:12528: checking fcntl.h presence
configure:12528: gcc -E  conftest.c
configure:12528: $? = 0
configure:12528: result: yes
configure:12528: checking for fcntl.h
configure:12528: result: yes
configure:12528: checking netdb.h usability
configure:12528: gcc -c -g -O2  conftest.c >&5
configure:12528: $? = 0
configure:12528: result: yes
configure:12528: checking netdb.h presence
configure:12528: gcc -E  conftest.c
configure:12528: $? = 0
configure:12528: result: yes
configure:12528: checking for netdb.h
configure:12528: result: yes
configure:12528: checking netinet/in.h usability
configure:12528: gcc -c -g -O2  conftest.c >&5
configure:12528: $? = 0
configure:12528: result: yes
configure:12528: checking netinet/in.h presence
configure:12528: gcc -E  conftest.c
configure:12528: $? = 0
configure:12528: result: yes
configure:12528: checking for netinet/in.h
configure:12528: result: yes
configure:12528: checking for stdint.h
configure:12528: result: yes
configure:12528: checking for stdlib.h
configure:12528: result: yes
configure:12528: checking for string.h
configure:12528: result: yes
configure:12528: checking sys/socket.h usability
configure:12528: gcc -c -g -O2  conftest.c >&5
configure:12528: $? = 0
configure:12528: result: yes
configure:12528: checking sys/socket.h presence
configure:12528: gcc -E  conftest.c
configure:12528: $? = 0
configure:12528: result: yes
configure:12528: checking for sys/socket.h
configure:12528: result: yes
configure:12528: checking syslog.h usability
configure:12528: gcc -c -g -O2  conftest.c >&5
configure:12528: $? = 0
configure:12528: result: yes
configure:12528: checking syslog.h presence
configure:12528: gcc -E  conftest.c
configure:12528: $? = 0
configure:12528: result: yes
configure:12528: checking for syslog.h
configure:12528: result: yes
configure:12528: checking for unistd.h
configure:12528: result: yes
configure:12540: checking for int32_t
configure:12540: gcc -c -g -O2  conftest.c >&5
configure:12540: $? = 0
configure:12540: gcc -c -g -O2  conftest.c >&5
conftest.c: In function 'main':
conftest.c:74:53: warning: integer overflow in expression [-Woverflow]
conftest.c:73:12: error: storage size of 'test_array' isn't constant
configure:12540: $? = 1
configure: failed program was:
| /* confdefs.h */
| #define PACKAGE_NAME "usbip-utils"
| #define PACKAGE_TARNAME "usbip-utils"
| #define PACKAGE_VERSION "1.1.1"
| #define PACKAGE_STRING "usbip-utils 1.1.1"
| #define PACKAGE_BUGREPORT "linux-usb@vger.kernel.org"
| #define PACKAGE_URL ""
| #define USBIP_VERSION 0x00000111
| #define PACKAGE "usbip-utils"
| #define VERSION "1.1.1"
| #define STDC_HEADERS 1
| #define HAVE_SYS_TYPES_H 1
| #define HAVE_SYS_STAT_H 1
| #define HAVE_STDLIB_H 1
| #define HAVE_STRING_H 1
| #define HAVE_MEMORY_H 1
| #define HAVE_STRINGS_H 1
| #define HAVE_INTTYPES_H 1
| #define HAVE_STDINT_H 1
| #define HAVE_UNISTD_H 1
| #define HAVE_DLFCN_H 1
| #define LT_OBJDIR ".libs/"
| #define HAVE_DIRENT_H 1
| #define STDC_HEADERS 1
| #define HAVE_ARPA_INET_H 1
| #define HAVE_FCNTL_H 1
| #define HAVE_NETDB_H 1
| #define HAVE_NETINET_IN_H 1
| #define HAVE_STDINT_H 1
| #define HAVE_STDLIB_H 1
| #define HAVE_STRING_H 1
| #define HAVE_SYS_SOCKET_H 1
| #define HAVE_SYSLOG_H 1
| #define HAVE_UNISTD_H 1
| /* end confdefs.h.  */
| #include <stdio.h>
| #ifdef HAVE_SYS_TYPES_H
| # include <sys/types.h>
| #endif
| #ifdef HAVE_SYS_STAT_H
| # include <sys/stat.h>
| #endif
| #ifdef STDC_HEADERS
| # include <stdlib.h>
| # include <stddef.h>
| #else
| # ifdef HAVE_STDLIB_H
| #  include <stdlib.h>
| # endif
| #endif
| #ifdef HAVE_STRING_H
| # if !defined STDC_HEADERS && defined HAVE_MEMORY_H
| #  include <memory.h>
| # endif
| # include <string.h>
| #endif
| #ifdef HAVE_STRINGS_H
| # include <strings.h>
| #endif
| #ifdef HAVE_INTTYPES_H
| # include <inttypes.h>
| #endif
| #ifdef HAVE_STDINT_H
| # include <stdint.h>
| #endif
| #ifdef HAVE_UNISTD_H
| # include <unistd.h>
| #endif
| 	        enum { N = 32 / 2 - 1 };
| int
| main ()
| {
| static int test_array [1 - 2 * !((int32_t) (((((int32_t) 1 << N) << N) - 1) * 2 + 1)
| 		 < (int32_t) (((((int32_t) 1 << N) << N) - 1) * 2 + 2))];
| test_array [0] = 0;
| return test_array [0];
| 
|   ;
|   return 0;
| }
configure:12540: result: yes
configure:12551: checking for size_t
configure:12551: gcc -c -g -O2  conftest.c >&5
configure:12551: $? = 0
configure:12551: gcc -c -g -O2  conftest.c >&5
conftest.c: In function 'main':
conftest.c:72:21: error: expected expression before ')' token
configure:12551: $? = 1
configure: failed program was:
| /* confdefs.h */
| #define PACKAGE_NAME "usbip-utils"
| #define PACKAGE_TARNAME "usbip-utils"
| #define PACKAGE_VERSION "1.1.1"
| #define PACKAGE_STRING "usbip-utils 1.1.1"
| #define PACKAGE_BUGREPORT "linux-usb@vger.kernel.org"
| #define PACKAGE_URL ""
| #define USBIP_VERSION 0x00000111
| #define PACKAGE "usbip-utils"
| #define VERSION "1.1.1"
| #define STDC_HEADERS 1
| #define HAVE_SYS_TYPES_H 1
| #define HAVE_SYS_STAT_H 1
| #define HAVE_STDLIB_H 1
| #define HAVE_STRING_H 1
| #define HAVE_MEMORY_H 1
| #define HAVE_STRINGS_H 1
| #define HAVE_INTTYPES_H 1
| #define HAVE_STDINT_H 1
| #define HAVE_UNISTD_H 1
| #define HAVE_DLFCN_H 1
| #define LT_OBJDIR ".libs/"
| #define HAVE_DIRENT_H 1
| #define STDC_HEADERS 1
| #define HAVE_ARPA_INET_H 1
| #define HAVE_FCNTL_H 1
| #define HAVE_NETDB_H 1
| #define HAVE_NETINET_IN_H 1
| #define HAVE_STDINT_H 1
| #define HAVE_STDLIB_H 1
| #define HAVE_STRING_H 1
| #define HAVE_SYS_SOCKET_H 1
| #define HAVE_SYSLOG_H 1
| #define HAVE_UNISTD_H 1
| /* end confdefs.h.  */
| #include <stdio.h>
| #ifdef HAVE_SYS_TYPES_H
| # include <sys/types.h>
| #endif
| #ifdef HAVE_SYS_STAT_H
| # include <sys/stat.h>
| #endif
| #ifdef STDC_HEADERS
| # include <stdlib.h>
| # include <stddef.h>
| #else
| # ifdef HAVE_STDLIB_H
| #  include <stdlib.h>
| # endif
| #endif
| #ifdef HAVE_STRING_H
| # if !defined STDC_HEADERS && defined HAVE_MEMORY_H
| #  include <memory.h>
| # endif
| # include <string.h>
| #endif
| #ifdef HAVE_STRINGS_H
| # include <strings.h>
| #endif
| #ifdef HAVE_INTTYPES_H
| # include <inttypes.h>
| #endif
| #ifdef HAVE_STDINT_H
| # include <stdint.h>
| #endif
| #ifdef HAVE_UNISTD_H
| # include <unistd.h>
| #endif
| int
| main ()
| {
| if (sizeof ((size_t)))
| 	    return 0;
|   ;
|   return 0;
| }
configure:12551: result: yes
configure:12562: checking for ssize_t
configure:12562: gcc -c -g -O2  conftest.c >&5
configure:12562: $? = 0
configure:12562: gcc -c -g -O2  conftest.c >&5
conftest.c: In function 'main':
conftest.c:72:22: error: expected expression before ')' token
configure:12562: $? = 1
configure: failed program was:
| /* confdefs.h */
| #define PACKAGE_NAME "usbip-utils"
| #define PACKAGE_TARNAME "usbip-utils"
| #define PACKAGE_VERSION "1.1.1"
| #define PACKAGE_STRING "usbip-utils 1.1.1"
| #define PACKAGE_BUGREPORT "linux-usb@vger.kernel.org"
| #define PACKAGE_URL ""
| #define USBIP_VERSION 0x00000111
| #define PACKAGE "usbip-utils"
| #define VERSION "1.1.1"
| #define STDC_HEADERS 1
| #define HAVE_SYS_TYPES_H 1
| #define HAVE_SYS_STAT_H 1
| #define HAVE_STDLIB_H 1
| #define HAVE_STRING_H 1
| #define HAVE_MEMORY_H 1
| #define HAVE_STRINGS_H 1
| #define HAVE_INTTYPES_H 1
| #define HAVE_STDINT_H 1
| #define HAVE_UNISTD_H 1
| #define HAVE_DLFCN_H 1
| #define LT_OBJDIR ".libs/"
| #define HAVE_DIRENT_H 1
| #define STDC_HEADERS 1
| #define HAVE_ARPA_INET_H 1
| #define HAVE_FCNTL_H 1
| #define HAVE_NETDB_H 1
| #define HAVE_NETINET_IN_H 1
| #define HAVE_STDINT_H 1
| #define HAVE_STDLIB_H 1
| #define HAVE_STRING_H 1
| #define HAVE_SYS_SOCKET_H 1
| #define HAVE_SYSLOG_H 1
| #define HAVE_UNISTD_H 1
| /* end confdefs.h.  */
| #include <stdio.h>
| #ifdef HAVE_SYS_TYPES_H
| # include <sys/types.h>
| #endif
| #ifdef HAVE_SYS_STAT_H
| # include <sys/stat.h>
| #endif
| #ifdef STDC_HEADERS
| # include <stdlib.h>
| # include <stddef.h>
| #else
| # ifdef HAVE_STDLIB_H
| #  include <stdlib.h>
| # endif
| #endif
| #ifdef HAVE_STRING_H
| # if !defined STDC_HEADERS && defined HAVE_MEMORY_H
| #  include <memory.h>
| # endif
| # include <string.h>
| #endif
| #ifdef HAVE_STRINGS_H
| # include <strings.h>
| #endif
| #ifdef HAVE_INTTYPES_H
| # include <inttypes.h>
| #endif
| #ifdef HAVE_STDINT_H
| # include <stdint.h>
| #endif
| #ifdef HAVE_UNISTD_H
| # include <unistd.h>
| #endif
| int
| main ()
| {
| if (sizeof ((ssize_t)))
| 	    return 0;
|   ;
|   return 0;
| }
configure:12562: result: yes
configure:12573: checking for uint16_t
configure:12573: gcc -c -g -O2  conftest.c >&5
configure:12573: $? = 0
configure:12573: result: yes
configure:12585: checking for uint32_t
configure:12585: gcc -c -g -O2  conftest.c >&5
configure:12585: $? = 0
configure:12585: result: yes
configure:12599: checking for uint8_t
configure:12599: gcc -c -g -O2  conftest.c >&5
configure:12599: $? = 0
configure:12599: result: yes
configure:12617: checking for stdlib.h
configure:12617: result: yes
configure:12627: checking for GNU libc compatible realloc
configure:12651: gcc -o conftest -g -O2   conftest.c  >&5
configure:12651: $? = 0
configure:12651: ./conftest
configure:12651: $? = 0
configure:12661: result: yes
configure:12685: checking for memset
configure:12685: gcc -o conftest -g -O2   conftest.c  >&5
conftest.c:61:6: warning: conflicting types for built-in function 'memset' [enabled by default]
configure:12685: $? = 0
configure:12685: result: yes
configure:12685: checking for mkdir
configure:12685: gcc -o conftest -g -O2   conftest.c  >&5
configure:12685: $? = 0
configure:12685: result: yes
configure:12685: checking for regcomp
configure:12685: gcc -o conftest -g -O2   conftest.c  >&5
configure:12685: $? = 0
configure:12685: result: yes
configure:12685: checking for socket
configure:12685: gcc -o conftest -g -O2   conftest.c  >&5
configure:12685: $? = 0
configure:12685: result: yes
configure:12685: checking for strchr
configure:12685: gcc -o conftest -g -O2   conftest.c  >&5
conftest.c:65:6: warning: conflicting types for built-in function 'strchr' [enabled by default]
configure:12685: $? = 0
configure:12685: result: yes
configure:12685: checking for strerror
configure:12685: gcc -o conftest -g -O2   conftest.c  >&5
configure:12685: $? = 0
configure:12685: result: yes
configure:12685: checking for strstr
configure:12685: gcc -o conftest -g -O2   conftest.c  >&5
conftest.c:67:6: warning: conflicting types for built-in function 'strstr' [enabled by default]
configure:12685: $? = 0
configure:12685: result: yes
configure:12685: checking for strtoul
configure:12685: gcc -o conftest -g -O2   conftest.c  >&5
configure:12685: $? = 0
configure:12685: result: yes
configure:12695: checking sysfs/libsysfs.h usability
configure:12695: gcc -c -g -O2  conftest.c >&5
configure:12695: $? = 0
configure:12695: result: yes
configure:12695: checking sysfs/libsysfs.h presence
configure:12695: gcc -E  conftest.c
configure:12695: $? = 0
configure:12695: result: yes
configure:12695: checking for sysfs/libsysfs.h
configure:12695: result: yes
configure:12697: checking for sysfs_open_directory_list in -lsysfs
configure:12722: gcc -o conftest -g -O2   conftest.c -lsysfs   >&5
configure:12722: $? = 0
configure:12731: result: yes
configure:12746: checking whether to use the libwrap (TCP wrappers) library
configure:12787: result: (default)
configure:12789: checking for hosts_access in -lwrap
configure:12804: gcc -o conftest -g -O2   conftest.c -lwrap  -lsysfs >&5
/usr/bin/ld: cannot find -lwrap
collect2: error: ld returned 1 exit status
configure:12804: $? = 1
configure: failed program was:
| /* confdefs.h */
| #define PACKAGE_NAME "usbip-utils"
| #define PACKAGE_TARNAME "usbip-utils"
| #define PACKAGE_VERSION "1.1.1"
| #define PACKAGE_STRING "usbip-utils 1.1.1"
| #define PACKAGE_BUGREPORT "linux-usb@vger.kernel.org"
| #define PACKAGE_URL ""
| #define USBIP_VERSION 0x00000111
| #define PACKAGE "usbip-utils"
| #define VERSION "1.1.1"
| #define STDC_HEADERS 1
| #define HAVE_SYS_TYPES_H 1
| #define HAVE_SYS_STAT_H 1
| #define HAVE_STDLIB_H 1
| #define HAVE_STRING_H 1
| #define HAVE_MEMORY_H 1
| #define HAVE_STRINGS_H 1
| #define HAVE_INTTYPES_H 1
| #define HAVE_STDINT_H 1
| #define HAVE_UNISTD_H 1
| #define HAVE_DLFCN_H 1
| #define LT_OBJDIR ".libs/"
| #define HAVE_DIRENT_H 1
| #define STDC_HEADERS 1
| #define HAVE_ARPA_INET_H 1
| #define HAVE_FCNTL_H 1
| #define HAVE_NETDB_H 1
| #define HAVE_NETINET_IN_H 1
| #define HAVE_STDINT_H 1
| #define HAVE_STDLIB_H 1
| #define HAVE_STRING_H 1
| #define HAVE_SYS_SOCKET_H 1
| #define HAVE_SYSLOG_H 1
| #define HAVE_UNISTD_H 1
| #define HAVE_STDLIB_H 1
| #define HAVE_REALLOC 1
| #define HAVE_MEMSET 1
| #define HAVE_MKDIR 1
| #define HAVE_REGCOMP 1
| #define HAVE_SOCKET 1
| #define HAVE_STRCHR 1
| #define HAVE_STRERROR 1
| #define HAVE_STRSTR 1
| #define HAVE_STRTOUL 1
| /* end confdefs.h.  */
| int hosts_access(); int allow_severity, deny_severity;
| int
| main ()
| {
| hosts_access()
|   ;
|   return 0;
| }
configure:12811: result: no
configure:12885: checking for pkg-config
configure:12903: found /usr/bin/pkg-config
configure:12915: result: /usr/bin/pkg-config
configure:12940: checking pkg-config is at least version 0.9.0
configure:12943: result: yes
configure:12953: checking for PACKAGE
configure:12960: $PKG_CONFIG --exists --print-errors "glib-2.0 >= $GLIB2_REQUIRED"
configure:12963: $? = 0
configure:12977: $PKG_CONFIG --exists --print-errors "glib-2.0 >= $GLIB2_REQUIRED"
configure:12980: $? = 0
configure:13038: result: yes
configure:13181: creating ./config.status

## ---------------------- ##
## Running config.status. ##
## ---------------------- ##

This file was extended by usbip-utils config.status 1.1.1, which was
generated by GNU Autoconf 2.69.  Invocation command line was

  CONFIG_FILES    = 
  CONFIG_HEADERS  = 
  CONFIG_LINKS    = 
  CONFIG_COMMANDS = 
  $ ./config.status 

on roshan-lab

config.status:1113: creating Makefile
config.status:1113: creating libsrc/Makefile
config.status:1113: creating src/Makefile
config.status:1113: creating config.h
config.status:1342: executing depfiles commands
config.status:1342: executing libtool commands

## ---------------- ##
## Cache variables. ##
## ---------------- ##

ac_cv_build=i686-pc-linux-gnu
ac_cv_c_compiler_gnu=yes
ac_cv_c_int32_t=yes
ac_cv_c_uint16_t=yes
ac_cv_c_uint32_t=yes
ac_cv_c_uint8_t=yes
ac_cv_env_CC_set=
ac_cv_env_CC_value=
ac_cv_env_CFLAGS_set=
ac_cv_env_CFLAGS_value=
ac_cv_env_CPPFLAGS_set=
ac_cv_env_CPPFLAGS_value=
ac_cv_env_CPP_set=
ac_cv_env_CPP_value=
ac_cv_env_LDFLAGS_set=
ac_cv_env_LDFLAGS_value=
ac_cv_env_LIBS_set=
ac_cv_env_LIBS_value=
ac_cv_env_PACKAGE_CFLAGS_set=
ac_cv_env_PACKAGE_CFLAGS_value=
ac_cv_env_PACKAGE_LIBS_set=
ac_cv_env_PACKAGE_LIBS_value=
ac_cv_env_PKG_CONFIG_LIBDIR_set=
ac_cv_env_PKG_CONFIG_LIBDIR_value=
ac_cv_env_PKG_CONFIG_PATH_set=
ac_cv_env_PKG_CONFIG_PATH_value=
ac_cv_env_PKG_CONFIG_set=
ac_cv_env_PKG_CONFIG_value=
ac_cv_env_build_alias_set=
ac_cv_env_build_alias_value=
ac_cv_env_host_alias_set=
ac_cv_env_host_alias_value=
ac_cv_env_target_alias_set=
ac_cv_env_target_alias_value=
ac_cv_func_memset=yes
ac_cv_func_mkdir=yes
ac_cv_func_realloc_0_nonnull=yes
ac_cv_func_regcomp=yes
ac_cv_func_socket=yes
ac_cv_func_strchr=yes
ac_cv_func_strerror=yes
ac_cv_func_strstr=yes
ac_cv_func_strtoul=yes
ac_cv_header_arpa_inet_h=yes
ac_cv_header_dirent_dirent_h=yes
ac_cv_header_dlfcn_h=yes
ac_cv_header_fcntl_h=yes
ac_cv_header_inttypes_h=yes
ac_cv_header_memory_h=yes
ac_cv_header_netdb_h=yes
ac_cv_header_netinet_in_h=yes
ac_cv_header_stdc=yes
ac_cv_header_stdint_h=yes
ac_cv_header_stdlib_h=yes
ac_cv_header_string_h=yes
ac_cv_header_strings_h=yes
ac_cv_header_sys_socket_h=yes
ac_cv_header_sys_stat_h=yes
ac_cv_header_sys_types_h=yes
ac_cv_header_sysfs_libsysfs_h=yes
ac_cv_header_syslog_h=yes
ac_cv_header_unistd_h=yes
ac_cv_host=i686-pc-linux-gnu
ac_cv_lib_sysfs_sysfs_open_directory_list=yes
ac_cv_objext=o
ac_cv_path_EGREP='/bin/grep -E'
ac_cv_path_FGREP='/bin/grep -F'
ac_cv_path_GREP=/bin/grep
ac_cv_path_SED=/bin/sed
ac_cv_path_ac_pt_PKG_CONFIG=/usr/bin/pkg-config
ac_cv_path_install='/usr/bin/install -c'
ac_cv_path_mkdir=/bin/mkdir
ac_cv_prog_AWK=gawk
ac_cv_prog_CPP='gcc -E'
ac_cv_prog_ac_ct_AR=ar
ac_cv_prog_ac_ct_CC=gcc
ac_cv_prog_ac_ct_MANIFEST_TOOL=mt
ac_cv_prog_ac_ct_OBJDUMP=objdump
ac_cv_prog_ac_ct_RANLIB=ranlib
ac_cv_prog_ac_ct_STRIP=strip
ac_cv_prog_cc_c89=
ac_cv_prog_cc_g=yes
ac_cv_prog_make_make_set=yes
ac_cv_search_opendir='none required'
ac_cv_type_size_t=yes
ac_cv_type_ssize_t=yes
am_cv_CC_dependencies_compiler_type=gcc3
am_cv_make_support_nested_variables=yes
lt_cv_ar_at_file=@
lt_cv_archive_cmds_need_lc=no
lt_cv_deplibs_check_method=pass_all
lt_cv_file_magic_cmd='$MAGIC_CMD'
lt_cv_file_magic_test_file=
lt_cv_ld_reload_flag=-r
lt_cv_nm_interface='BSD nm'
lt_cv_objdir=.libs
lt_cv_path_LD=/usr/bin/ld
lt_cv_path_NM='/usr/bin/nm -B'
lt_cv_path_mainfest_tool=no
lt_cv_prog_compiler_c_o=yes
lt_cv_prog_compiler_pic='-fPIC -DPIC'
lt_cv_prog_compiler_pic_works=yes
lt_cv_prog_compiler_rtti_exceptions=no
lt_cv_prog_compiler_static_works=yes
lt_cv_prog_gnu_ld=yes
lt_cv_sharedlib_from_linklib_cmd='printf %s\n'
lt_cv_shlibpath_overrides_runpath=no
lt_cv_sys_global_symbol_pipe='sed -n -e '\''s/^.*[	 ]\([ABCDGIRSTW][ABCDGIRSTW]*\)[	 ][	 ]*\([_A-Za-z][_A-Za-z0-9]*\)$/\1 \2 \2/p'\'' | sed '\''/ __gnu_lto/d'\'''
lt_cv_sys_global_symbol_to_c_name_address='sed -n -e '\''s/^: \([^ ]*\)[ ]*$/  {\"\1\", (void *) 0},/p'\'' -e '\''s/^[ABCDGIRSTW]* \([^ ]*\) \([^ ]*\)$/  {"\2", (void *) \&\2},/p'\'''
lt_cv_sys_global_symbol_to_c_name_address_lib_prefix='sed -n -e '\''s/^: \([^ ]*\)[ ]*$/  {\"\1\", (void *) 0},/p'\'' -e '\''s/^[ABCDGIRSTW]* \([^ ]*\) \(lib[^ ]*\)$/  {"\2", (void *) \&\2},/p'\'' -e '\''s/^[ABCDGIRSTW]* \([^ ]*\) \([^ ]*\)$/  {"lib\2", (void *) \&\2},/p'\'''
lt_cv_sys_global_symbol_to_cdecl='sed -n -e '\''s/^T .* \(.*\)$/extern int \1();/p'\'' -e '\''s/^[ABCDGIRSTW]* .* \(.*\)$/extern char \1;/p'\'''
lt_cv_sys_max_cmd_len=1572864
lt_cv_to_host_file_cmd=func_convert_file_noop
lt_cv_to_tool_file_cmd=func_convert_file_noop
pkg_cv_PACKAGE_CFLAGS='-I/usr/include/glib-2.0 -I/usr/lib/i386-linux-gnu/glib-2.0/include  '
pkg_cv_PACKAGE_LIBS='-lglib-2.0  '

## ----------------- ##
## Output variables. ##
## ----------------- ##

ACLOCAL='${SHELL} /home/roshan/Downloads/Kernels/linux-3.5/drivers/staging/usbip/userspace/missing --run aclocal-1.11'
AMDEPBACKSLASH='\'
AMDEP_FALSE='#'
AMDEP_TRUE=''
AMTAR='$${TAR-tar}'
AM_BACKSLASH='\'
AM_DEFAULT_V='$(AM_DEFAULT_VERBOSITY)'
AM_DEFAULT_VERBOSITY='0'
AM_V='$(V)'
AR='ar'
AUTOCONF='${SHELL} /home/roshan/Downloads/Kernels/linux-3.5/drivers/staging/usbip/userspace/missing --run autoconf'
AUTOHEADER='${SHELL} /home/roshan/Downloads/Kernels/linux-3.5/drivers/staging/usbip/userspace/missing --run autoheader'
AUTOMAKE='${SHELL} /home/roshan/Downloads/Kernels/linux-3.5/drivers/staging/usbip/userspace/missing --run automake-1.11'
AWK='gawk'
CC='gcc'
CCDEPMODE='depmode=gcc3'
CFLAGS='-g -O2'
CPP='gcc -E'
CPPFLAGS=''
CYGPATH_W='echo'
DEFS='-DHAVE_CONFIG_H'
DEPDIR='.deps'
DLLTOOL='false'
DSYMUTIL=''
DUMPBIN=''
ECHO_C=''
ECHO_N='-n'
ECHO_T=''
EGREP='/bin/grep -E'
EXEEXT=''
EXTRA_CFLAGS='-Wall -Werror -Wextra -std=gnu99'
FGREP='/bin/grep -F'
GREP='/bin/grep'
INSTALL_DATA='${INSTALL} -m 644'
INSTALL_PROGRAM='${INSTALL}'
INSTALL_SCRIPT='${INSTALL}'
INSTALL_STRIP_PROGRAM='$(install_sh) -c -s'
LD='/usr/bin/ld'
LDFLAGS=''
LIBOBJS=''
LIBS=' -lsysfs'
LIBTOOL='$(SHELL) $(top_builddir)/libtool'
LIBUSBIP_VERSION='0:1:0'
LIPO=''
LN_S='ln -s'
LTLIBOBJS=''
MAKEINFO='${SHELL} /home/roshan/Downloads/Kernels/linux-3.5/drivers/staging/usbip/userspace/missing --run makeinfo'
MANIFEST_TOOL=':'
MKDIR_P='/bin/mkdir -p'
NM='/usr/bin/nm -B'
NMEDIT=''
OBJDUMP='objdump'
OBJEXT='o'
OTOOL64=''
OTOOL=''
PACKAGE='usbip-utils'
PACKAGE_BUGREPORT='linux-usb@vger.kernel.org'
PACKAGE_CFLAGS='-I/usr/include/glib-2.0 -I/usr/lib/i386-linux-gnu/glib-2.0/include  '
PACKAGE_LIBS='-lglib-2.0  '
PACKAGE_NAME='usbip-utils'
PACKAGE_STRING='usbip-utils 1.1.1'
PACKAGE_TARNAME='usbip-utils'
PACKAGE_URL=''
PACKAGE_VERSION='1.1.1'
PATH_SEPARATOR=':'
PKG_CONFIG='/usr/bin/pkg-config'
PKG_CONFIG_LIBDIR=''
PKG_CONFIG_PATH=''
RANLIB='ranlib'
SED='/bin/sed'
SET_MAKE=''
SHELL='/bin/bash'
STRIP='strip'
USBIDS_DIR='/usr/share/hwdata/'
VERSION='1.1.1'
ac_ct_AR='ar'
ac_ct_CC='gcc'
ac_ct_DUMPBIN=''
am__EXEEXT_FALSE=''
am__EXEEXT_TRUE='#'
am__fastdepCC_FALSE='#'
am__fastdepCC_TRUE=''
am__include='include'
am__isrc=''
am__leading_dot='.'
am__nodep='_no'
am__quote=''
am__tar='$${TAR-tar} chof - "$$tardir"'
am__untar='$${TAR-tar} xf -'
bindir='${exec_prefix}/bin'
build='i686-pc-linux-gnu'
build_alias=''
build_cpu='i686'
build_os='linux-gnu'
build_vendor='pc'
datadir='${datarootdir}'
datarootdir='${prefix}/share'
docdir='${datarootdir}/doc/${PACKAGE_TARNAME}'
dvidir='${docdir}'
exec_prefix='${prefix}'
host='i686-pc-linux-gnu'
host_alias=''
host_cpu='i686'
host_os='linux-gnu'
host_vendor='pc'
htmldir='${docdir}'
includedir='${prefix}/include'
infodir='${datarootdir}/info'
install_sh='${SHELL} /home/roshan/Downloads/Kernels/linux-3.5/drivers/staging/usbip/userspace/install-sh'
libdir='${exec_prefix}/lib'
libexecdir='${exec_prefix}/libexec'
localedir='${datarootdir}/locale'
localstatedir='${prefix}/var'
mandir='${datarootdir}/man'
mkdir_p='/bin/mkdir -p'
oldincludedir='/usr/include'
pdfdir='${docdir}'
prefix='/usr/local'
program_transform_name='s,x,x,'
psdir='${docdir}'
sbindir='${exec_prefix}/sbin'
sharedstatedir='${prefix}/com'
sysconfdir='${prefix}/etc'
target_alias=''

## ----------- ##
## confdefs.h. ##
## ----------- ##

/* confdefs.h */
#define PACKAGE_NAME "usbip-utils"
#define PACKAGE_TARNAME "usbip-utils"
#define PACKAGE_VERSION "1.1.1"
#define PACKAGE_STRING "usbip-utils 1.1.1"
#define PACKAGE_BUGREPORT "linux-usb@vger.kernel.org"
#define PACKAGE_URL ""
#define USBIP_VERSION 0x00000111
#define PACKAGE "usbip-utils"
#define VERSION "1.1.1"
#define STDC_HEADERS 1
#define HAVE_SYS_TYPES_H 1
#define HAVE_SYS_STAT_H 1
#define HAVE_STDLIB_H 1
#define HAVE_STRING_H 1
#define HAVE_MEMORY_H 1
#define HAVE_STRINGS_H 1
#define HAVE_INTTYPES_H 1
#define HAVE_STDINT_H 1
#define HAVE_UNISTD_H 1
#define HAVE_DLFCN_H 1
#define LT_OBJDIR ".libs/"
#define HAVE_DIRENT_H 1
#define STDC_HEADERS 1
#define HAVE_ARPA_INET_H 1
#define HAVE_FCNTL_H 1
#define HAVE_NETDB_H 1
#define HAVE_NETINET_IN_H 1
#define HAVE_STDINT_H 1
#define HAVE_STDLIB_H 1
#define HAVE_STRING_H 1
#define HAVE_SYS_SOCKET_H 1
#define HAVE_SYSLOG_H 1
#define HAVE_UNISTD_H 1
#define HAVE_STDLIB_H 1
#define HAVE_REALLOC 1
#define HAVE_MEMSET 1
#define HAVE_MKDIR 1
#define HAVE_REGCOMP 1
#define HAVE_SOCKET 1
#define HAVE_STRCHR 1
#define HAVE_STRERROR 1
#define HAVE_STRSTR 1
#define HAVE_STRTOUL 1

configure: exit 0
